Started GET "/" for 127.0.0.1 at 2016-12-10 17:10:08 +0100
  [1m[36mActiveRecord::SchemaMigration Load (0.3ms)[0m  [1m[34mSELECT "schema_migrations".* FROM "schema_migrations"[0m
Processing by UsersController#new as HTML
  Rendering users/new.html.erb within layouts/application
  Rendered users/new.html.erb within layouts/application (11.6ms)
Completed 200 OK in 246ms (Views: 228.2ms | ActiveRecord: 3.6ms)


Started POST "/users" for 127.0.0.1 at 2016-12-10 17:10:35 +0100
Processing by UsersController#create as HTML
  Parameters: {"utf8"=>"✓", "authenticity_token"=>"OcRkKEuNJoNjouybaKMs8EfikrUrmj6ApeVgAf4rchy7XhFu9lVIDel+Z7RqD+XEt0NfzYMMSi49rWyOEtGqBw==", "user"=>{"country"=>"France", "candy_fan"=>"0", "night_club_fan"=>"0", "fan_type"=>"soda"}, "commit"=>"Submit"}
  [1m[35m (0.2ms)[0m  [1m[35mBEGIN[0m
  [1m[35mSQL (0.6ms)[0m  [1m[32mINSERT INTO "users" ("session_id", "country", "candy_fan", "night_club_fan", "fan_type", "created_at", "updated_at") VALUES ($1, $2, $3, $4, $5, $6, $7) RETURNING "id"[0m  [["session_id", "9d4985c5979345c6bd6d90a248cb8351"], ["country", "France"], ["candy_fan", false], ["night_club_fan", false], ["fan_type", "soda"], ["created_at", 2016-12-10 16:10:35 UTC], ["updated_at", 2016-12-10 16:10:35 UTC]]
  [1m[35m (0.4ms)[0m  [1m[35mCOMMIT[0m
Redirected to http://localhost:3000/
Completed 302 Found in 9ms (ActiveRecord: 1.2ms)


Started GET "/" for 127.0.0.1 at 2016-12-10 17:10:35 +0100
Processing by UsersController#new as HTML
  Rendering users/new.html.erb within layouts/application
  Rendered users/new.html.erb within layouts/application (2.4ms)
Completed 200 OK in 27ms (Views: 25.9ms | ActiveRecord: 0.0ms)


  [1m[36mActiveRecord::SchemaMigration Load (0.4ms)[0m  [1m[34mSELECT "schema_migrations".* FROM "schema_migrations"[0m
  [1m[35m (0.4ms)[0m  [1m[34mSELECT "ar_internal_metadata"."value" FROM "ar_internal_metadata" WHERE "ar_internal_metadata"."key" = $1[0m  [["key", :environment]]
  [1m[36mActiveRecord::SchemaMigration Load (0.2ms)[0m  [1m[34mSELECT "schema_migrations".* FROM "schema_migrations"[0m
  [1m[35m (0.2ms)[0m  [1m[34mSELECT "ar_internal_metadata"."value" FROM "ar_internal_metadata" WHERE "ar_internal_metadata"."key" = $1[0m  [["key", :environment]]
  [1m[36mActiveRecord::SchemaMigration Load (0.2ms)[0m  [1m[34mSELECT "schema_migrations".* FROM "schema_migrations"[0m
  [1m[35m (0.2ms)[0m  [1m[34mSELECT "ar_internal_metadata"."value" FROM "ar_internal_metadata" WHERE "ar_internal_metadata"."key" = $1[0m  [["key", :environment]]
  [1m[35m (108.8ms)[0m  [1m[35mDROP DATABASE IF EXISTS "heetch-survey_development"[0m
  [1m[35m (107.2ms)[0m  [1m[35mDROP DATABASE IF EXISTS "heetch-survey_test"[0m
  [1m[35m (5.1ms)[0m  [1m[35mCREATE TABLE "schema_migrations" ("version" character varying PRIMARY KEY)[0m
  [1m[35m (2.8ms)[0m  [1m[35mCREATE TABLE "ar_internal_metadata" ("key" character varying PRIMARY KEY, "value" character varying, "created_at" timestamp NOT NULL, "updated_at" timestamp NOT NULL)[0m
  [1m[35m (0.1ms)[0m  [1m[34mSELECT pg_try_advisory_lock(3896721627013800060);[0m
  [1m[36mActiveRecord::SchemaMigration Load (0.2ms)[0m  [1m[34mSELECT "schema_migrations".* FROM "schema_migrations"[0m
Migrating to CreateUsers (20161207180742)
  [1m[35m (0.1ms)[0m  [1m[35mBEGIN[0m
  [1m[35m (3.0ms)[0m  [1m[35mCREATE TABLE "users" ("id" serial primary key, "session_id" character varying, "country" character varying, "candy_fan" boolean, "polish_candy_fan" boolean, "night_club_fan" boolean, "pierrogi_fan" boolean, "fan_type" character varying, "created_at" timestamp NOT NULL, "updated_at" timestamp NOT NULL)[0m
  [1m[35mSQL (0.2ms)[0m  [1m[32mINSERT INTO "schema_migrations" ("version") VALUES ($1) RETURNING "version"[0m  [["version", "20161207180742"]]
  [1m[35m (0.4ms)[0m  [1m[35mCOMMIT[0m
  [1m[36mActiveRecord::InternalMetadata Load (0.2ms)[0m  [1m[34mSELECT  "ar_internal_metadata".* FROM "ar_internal_metadata" WHERE "ar_internal_metadata"."key" = $1 LIMIT $2[0m  [["key", :environment], ["LIMIT", 1]]
  [1m[35m (0.1ms)[0m  [1m[35mBEGIN[0m
  [1m[35mSQL (0.2ms)[0m  [1m[32mINSERT INTO "ar_internal_metadata" ("key", "value", "created_at", "updated_at") VALUES ($1, $2, $3, $4) RETURNING "key"[0m  [["key", "environment"], ["value", "development"], ["created_at", 2016-12-10 17:16:44 UTC], ["updated_at", 2016-12-10 17:16:44 UTC]]
  [1m[35m (0.2ms)[0m  [1m[35mCOMMIT[0m
  [1m[35m (0.1ms)[0m  [1m[34mSELECT pg_advisory_unlock(3896721627013800060)[0m
  [1m[36mActiveRecord::SchemaMigration Load (0.1ms)[0m  [1m[34mSELECT "schema_migrations".* FROM "schema_migrations"[0m
  [1m[35m (1.5ms)[0m  [1m[34mSELECT t2.oid::regclass::text AS to_table, a1.attname AS column, a2.attname AS primary_key, c.conname AS name, c.confupdtype AS on_update, c.confdeltype AS on_delete
FROM pg_constraint c
JOIN pg_class t1 ON c.conrelid = t1.oid
JOIN pg_class t2 ON c.confrelid = t2.oid
JOIN pg_attribute a1 ON a1.attnum = c.conkey[1] AND a1.attrelid = t1.oid
JOIN pg_attribute a2 ON a2.attnum = c.confkey[1] AND a2.attrelid = t2.oid
JOIN pg_namespace t3 ON c.connamespace = t3.oid
WHERE c.contype = 'f'
  AND t1.relname = 'users'
  AND t3.nspname = ANY (current_schemas(false))
ORDER BY c.conname
[0m
Started GET "/" for 127.0.0.1 at 2016-12-10 18:16:54 +0100
  [1m[36mActiveRecord::SchemaMigration Load (0.3ms)[0m  [1m[34mSELECT "schema_migrations".* FROM "schema_migrations"[0m
Processing by UsersController#new as HTML
  Rendering users/new.html.erb within layouts/application
  Rendered users/new.html.erb within layouts/application (10.7ms)
Completed 500 Internal Server Error in 114ms (ActiveRecord: 2.3ms)


  
ActionView::Template::Error (couldn't find file 'materialize-sprockets' with type 'application/javascript'
Checked in these paths: 
  /home/stevenpy/Project/touchepasamonheetch/app/assets/config
  /home/stevenpy/Project/touchepasamonheetch/app/assets/images
  /home/stevenpy/Project/touchepasamonheetch/app/assets/javascripts
  /home/stevenpy/Project/touchepasamonheetch/app/assets/stylesheets
  /home/stevenpy/Project/touchepasamonheetch/vendor/assets/javascripts
  /home/stevenpy/Project/touchepasamonheetch/vendor/assets/stylesheets
  /home/stevenpy/.rbenv/versions/2.3.1/lib/ruby/gems/2.3.0/gems/jquery-rails-4.2.1/vendor/assets/javascripts
  /home/stevenpy/.rbenv/versions/2.3.1/lib/ruby/gems/2.3.0/gems/coffee-rails-4.2.1/lib/assets/javascripts
  /home/stevenpy/.rbenv/versions/2.3.1/lib/ruby/gems/2.3.0/gems/actioncable-5.0.0.1/lib/assets/compiled
  /home/stevenpy/.rbenv/versions/2.3.1/lib/ruby/gems/2.3.0/gems/turbolinks-source-5.0.0/lib/assets/javascripts):
    10:     
    11:     <%= csrf_meta_tags %>
    12: 
    13:     <%= stylesheet_link_tag    'application', media: 'all', 'data-turbolinks-track': 'reload' %>
    14:     <%= javascript_include_tag 'application', 'data-turbolinks-track': 'reload' %>
    15:   </head>
    16: 
  
app/assets/javascripts/application.js:15
app/views/layouts/application.html.erb:13:in `_app_views_layouts_application_html_erb___4327930314132913118_47019476620580'
  Rendering /home/stevenpy/.rbenv/versions/2.3.1/lib/ruby/gems/2.3.0/gems/actionpack-5.0.0.1/lib/action_dispatch/middleware/templates/rescues/template_error.html.erb within rescues/layout
  Rendering /home/stevenpy/.rbenv/versions/2.3.1/lib/ruby/gems/2.3.0/gems/actionpack-5.0.0.1/lib/action_dispatch/middleware/templates/rescues/_source.html.erb
  Rendered /home/stevenpy/.rbenv/versions/2.3.1/lib/ruby/gems/2.3.0/gems/actionpack-5.0.0.1/lib/action_dispatch/middleware/templates/rescues/_source.html.erb (3.9ms)
  Rendering /home/stevenpy/.rbenv/versions/2.3.1/lib/ruby/gems/2.3.0/gems/actionpack-5.0.0.1/lib/action_dispatch/middleware/templates/rescues/_trace.html.erb
  Rendered /home/stevenpy/.rbenv/versions/2.3.1/lib/ruby/gems/2.3.0/gems/actionpack-5.0.0.1/lib/action_dispatch/middleware/templates/rescues/_trace.html.erb (1.4ms)
  Rendering /home/stevenpy/.rbenv/versions/2.3.1/lib/ruby/gems/2.3.0/gems/actionpack-5.0.0.1/lib/action_dispatch/middleware/templates/rescues/_request_and_response.html.erb
  Rendered /home/stevenpy/.rbenv/versions/2.3.1/lib/ruby/gems/2.3.0/gems/actionpack-5.0.0.1/lib/action_dispatch/middleware/templates/rescues/_request_and_response.html.erb (0.4ms)
  Rendered /home/stevenpy/.rbenv/versions/2.3.1/lib/ruby/gems/2.3.0/gems/actionpack-5.0.0.1/lib/action_dispatch/middleware/templates/rescues/template_error.html.erb within rescues/layout (15.7ms)
Started GET "/" for 127.0.0.1 at 2016-12-10 18:17:14 +0100
  [1m[36mActiveRecord::SchemaMigration Load (0.3ms)[0m  [1m[34mSELECT "schema_migrations".* FROM "schema_migrations"[0m
Processing by UsersController#new as HTML
  Rendering users/new.html.erb within layouts/application
  Rendered users/new.html.erb within layouts/application (11.5ms)
Completed 500 Internal Server Error in 119ms (ActiveRecord: 3.4ms)


  
ActionView::Template::Error (couldn't find file 'materialize-sprockets' with type 'application/javascript'
Checked in these paths: 
  /home/stevenpy/Project/touchepasamonheetch/app/assets/config
  /home/stevenpy/Project/touchepasamonheetch/app/assets/images
  /home/stevenpy/Project/touchepasamonheetch/app/assets/javascripts
  /home/stevenpy/Project/touchepasamonheetch/app/assets/stylesheets
  /home/stevenpy/Project/touchepasamonheetch/vendor/assets/javascripts
  /home/stevenpy/Project/touchepasamonheetch/vendor/assets/stylesheets
  /home/stevenpy/.rbenv/versions/2.3.1/lib/ruby/gems/2.3.0/gems/jquery-rails-4.2.1/vendor/assets/javascripts
  /home/stevenpy/.rbenv/versions/2.3.1/lib/ruby/gems/2.3.0/gems/coffee-rails-4.2.1/lib/assets/javascripts
  /home/stevenpy/.rbenv/versions/2.3.1/lib/ruby/gems/2.3.0/gems/actioncable-5.0.0.1/lib/assets/compiled
  /home/stevenpy/.rbenv/versions/2.3.1/lib/ruby/gems/2.3.0/gems/turbolinks-source-5.0.0/lib/assets/javascripts):
    10:     
    11:     <%= csrf_meta_tags %>
    12: 
    13:     <%= stylesheet_link_tag    'application', media: 'all', 'data-turbolinks-track': 'reload' %>
    14:     <%= javascript_include_tag 'application', 'data-turbolinks-track': 'reload' %>
    15:   </head>
    16: 
  
app/assets/javascripts/application.js:15
app/views/layouts/application.html.erb:13:in `_app_views_layouts_application_html_erb__896605753312784512_47432615267020'
  Rendering /home/stevenpy/.rbenv/versions/2.3.1/lib/ruby/gems/2.3.0/gems/actionpack-5.0.0.1/lib/action_dispatch/middleware/templates/rescues/template_error.html.erb within rescues/layout
  Rendering /home/stevenpy/.rbenv/versions/2.3.1/lib/ruby/gems/2.3.0/gems/actionpack-5.0.0.1/lib/action_dispatch/middleware/templates/rescues/_source.html.erb
  Rendered /home/stevenpy/.rbenv/versions/2.3.1/lib/ruby/gems/2.3.0/gems/actionpack-5.0.0.1/lib/action_dispatch/middleware/templates/rescues/_source.html.erb (3.8ms)
  Rendering /home/stevenpy/.rbenv/versions/2.3.1/lib/ruby/gems/2.3.0/gems/actionpack-5.0.0.1/lib/action_dispatch/middleware/templates/rescues/_trace.html.erb
  Rendered /home/stevenpy/.rbenv/versions/2.3.1/lib/ruby/gems/2.3.0/gems/actionpack-5.0.0.1/lib/action_dispatch/middleware/templates/rescues/_trace.html.erb (1.5ms)
  Rendering /home/stevenpy/.rbenv/versions/2.3.1/lib/ruby/gems/2.3.0/gems/actionpack-5.0.0.1/lib/action_dispatch/middleware/templates/rescues/_request_and_response.html.erb
  Rendered /home/stevenpy/.rbenv/versions/2.3.1/lib/ruby/gems/2.3.0/gems/actionpack-5.0.0.1/lib/action_dispatch/middleware/templates/rescues/_request_and_response.html.erb (0.4ms)
  Rendered /home/stevenpy/.rbenv/versions/2.3.1/lib/ruby/gems/2.3.0/gems/actionpack-5.0.0.1/lib/action_dispatch/middleware/templates/rescues/template_error.html.erb within rescues/layout (15.8ms)
Started GET "/" for 127.0.0.1 at 2016-12-10 18:18:44 +0100
  [1m[36mActiveRecord::SchemaMigration Load (0.2ms)[0m  [1m[34mSELECT "schema_migrations".* FROM "schema_migrations"[0m
Processing by UsersController#new as HTML
  Rendering users/new.html.erb within layouts/application
  Rendered users/new.html.erb within layouts/application (10.3ms)
Completed 200 OK in 438ms (Views: 421.3ms | ActiveRecord: 2.0ms)


Started GET "/" for 127.0.0.1 at 2016-12-10 18:19:39 +0100
  [1m[36mActiveRecord::SchemaMigration Load (0.2ms)[0m  [1m[34mSELECT "schema_migrations".* FROM "schema_migrations"[0m
Processing by UsersController#new as HTML
  Rendering users/new.html.erb within layouts/application
  Rendered users/new.html.erb within layouts/application (10.3ms)
Completed 200 OK in 1538ms (Views: 1520.3ms | ActiveRecord: 2.1ms)


Started GET "/" for 127.0.0.1 at 2016-12-10 18:19:52 +0100
Processing by UsersController#new as HTML
  Rendering users/new.html.erb within layouts/application
  Rendered users/new.html.erb within layouts/application (2.4ms)
Completed 200 OK in 69ms (Views: 66.9ms | ActiveRecord: 0.0ms)


Started POST "/users" for 127.0.0.1 at 2016-12-10 18:19:59 +0100
Processing by UsersController#create as HTML
  Parameters: {"utf8"=>"✓", "authenticity_token"=>"zNU6W9CToBrHErfENAgDpOhavL2JdVtKx/SWmDOuO0dOT08dbUvOlE3OPOs2pMqQGPtxxSHjL+RfvJoX31TjXA==", "user"=>{"country"=>"france", "candy_fan"=>"0", "polish_candy_fan"=>"0", "night_club_fan"=>"0", "pierrogi_fan"=>"0", "fan_type"=>""}}
  [1m[35m (0.1ms)[0m  [1m[35mBEGIN[0m
  [1m[35mSQL (0.6ms)[0m  [1m[32mINSERT INTO "users" ("session_id", "country", "candy_fan", "polish_candy_fan", "night_club_fan", "pierrogi_fan", "fan_type", "created_at", "updated_at") VALUES ($1, $2, $3, $4, $5, $6, $7, $8, $9) RETURNING "id"[0m  [["session_id", "9d4985c5979345c6bd6d90a248cb8351"], ["country", "france"], ["candy_fan", false], ["polish_candy_fan", false], ["night_club_fan", false], ["pierrogi_fan", false], ["fan_type", ""], ["created_at", 2016-12-10 17:19:59 UTC], ["updated_at", 2016-12-10 17:19:59 UTC]]
  [1m[35m (0.4ms)[0m  [1m[35mCOMMIT[0m
Redirected to http://localhost:3000/users/1
Completed 302 Found in 8ms (ActiveRecord: 1.1ms)


Started GET "/users/1" for 127.0.0.1 at 2016-12-10 18:19:59 +0100
Processing by UsersController#show as HTML
  Parameters: {"id"=>"1"}
  [1m[36mUser Load (0.4ms)[0m  [1m[34mSELECT  "users".* FROM "users" WHERE "users"."id" = $1 LIMIT $2[0m  [["id", 1], ["LIMIT", 1]]
  Rendering users/show.html.erb within layouts/application
  Rendered users/show.html.erb within layouts/application (0.8ms)
Completed 200 OK in 77ms (Views: 71.9ms | ActiveRecord: 0.6ms)


Started GET "/users" for 127.0.0.1 at 2016-12-10 18:20:01 +0100
Processing by UsersController#index as HTML
  Rendering users/index.html.erb within layouts/application
  [1m[36mUser Load (0.2ms)[0m  [1m[34mSELECT "users".* FROM "users"[0m
  Rendered users/index.html.erb within layouts/application (1.9ms)
Completed 200 OK in 73ms (Views: 72.0ms | ActiveRecord: 0.2ms)


